 (0,0): [12/11/2018 07:19:46.371 PM] Unity incremental compiler server
 (0,0): [12/11/2018 07:19:46.699 PM] watchdog active on pid: 9488
 (0,0): [12/11/2018 08:33:53.937 PM] Unity.Postprocessing.Runtime.dll: no prior compilation found in cache. Caller PID: 9488
 (0,0): [12/11/2018 08:33:53.952 PM] Unity.Postprocessing.Runtime.dll compiling...
 (0,0): [12/11/2018 08:33:54.079 PM] Unity.InputSystem.dll: no prior compilation found in cache. Caller PID: 9488
 (0,0): [12/11/2018 08:33:54.138 PM] Unity.InputSystem.dll compiling...
 (0,0): [12/11/2018 08:33:54.231 PM] Cinemachine.dll: no prior compilation found in cache. Caller PID: 9488
 (0,0): [12/11/2018 08:33:54.247 PM] Cinemachine.dll compiling...
 (0,0): [12/11/2018 08:33:54.439 PM] Unity.Postprocessing.Runtime.dll: emitting IL to : D:\DesTopp\GitHub\Project-3.2\Project 3.2\Temp\Unity.Postprocessing.Runtime.dll
 (0,0): [12/11/2018 08:33:54.441 PM] Unity.TextMeshPro.dll: no prior compilation found in cache. Caller PID: 9488
 (0,0): [12/11/2018 08:33:54.452 PM] Unity.TextMeshPro.dll compiling...
 (0,0): [12/11/2018 08:33:54.490 PM] Unity.Postprocessing.Runtime.dll compilation finished in 538ms  source files re-parsed: 56 metadata reloaded: 0
 (0,0): [12/11/2018 08:33:54.503 PM] Unity.ProGrids.dll: no prior compilation found in cache. Caller PID: 9488
 (0,0): [12/11/2018 08:33:54.513 PM] Unity.Postprocessing.Runtime.dll: session status updated to IncrementalCompilationStatus.Finished for Caller PID: 9488
 (0,0): [12/11/2018 08:33:54.515 PM] Unity.ProGrids.dll compiling...
 (0,0): [12/11/2018 08:33:54.605 PM] Unity.ProGrids.dll: emitting IL to : D:\DesTopp\GitHub\Project-3.2\Project 3.2\Temp\Unity.ProGrids.dll
 (0,0): [12/11/2018 08:33:54.850 PM] Unity.ProGrids.dll compilation finished in 336ms  source files re-parsed: 2 metadata reloaded: 0
 (0,0): [12/11/2018 08:33:54.862 PM] Unity.ProGrids.dll: session status updated to IncrementalCompilationStatus.Finished for Caller PID: 9488
 (0,0): [12/11/2018 08:33:54.973 PM] Cinemachine.dll: emitting IL to : D:\DesTopp\GitHub\Project-3.2\Project 3.2\Temp\Cinemachine.dll
 (0,0): [12/11/2018 08:33:55.139 PM] Cinemachine.dll compilation finished in 891ms  source files re-parsed: 62 metadata reloaded: 0
 (0,0): [12/11/2018 08:33:55.152 PM] Cinemachine.dll: session status updated to IncrementalCompilationStatus.Finished for Caller PID: 9488
 (0,0): [12/11/2018 08:33:55.349 PM] Unity.InputSystem.dll: emitting IL to : D:\DesTopp\GitHub\Project-3.2\Project 3.2\Temp\Unity.InputSystem.dll
 (0,0): [12/11/2018 08:33:55.375 PM] Unity.InputSystem.dll compilation finished in 1237ms  source files re-parsed: 266 metadata reloaded: 0
 (0,0): [12/11/2018 08:33:55.387 PM] Unity.InputSystem.dll: session status updated to IncrementalCompilationStatus.Finished for Caller PID: 9488
 (0,0): [12/11/2018 08:33:55.393 PM] Unity.TextMeshPro.dll: emitting IL to : D:\DesTopp\GitHub\Project-3.2\Project 3.2\Temp\Unity.TextMeshPro.dll
 (0,0): [12/11/2018 08:33:55.437 PM] Unity.TextMeshPro.dll compilation finished in 985ms  source files re-parsed: 45 metadata reloaded: 0
 (0,0): [12/11/2018 08:33:55.448 PM] Unity.TextMeshPro.dll: session status updated to IncrementalCompilationStatus.Finished for Caller PID: 9488
 (0,0): [12/11/2018 08:33:55.784 PM] Assembly-CSharp-firstpass.dll: no prior compilation found in cache. Caller PID: 9488
 (0,0): [12/11/2018 08:33:55.795 PM] Assembly-CSharp-firstpass.dll compiling...
 (0,0): [12/11/2018 08:33:56.090 PM] Assembly-CSharp-firstpass.dll: emitting IL to : D:\DesTopp\GitHub\Project-3.2\Project 3.2\Temp\Assembly-CSharp-firstpass.dll
 (0,0): [12/11/2018 08:33:56.116 PM] Assembly-CSharp-firstpass.dll compilation finished in 320ms  source files re-parsed: 178 metadata reloaded: 5
 (0,0): [12/11/2018 08:33:56.127 PM] Assembly-CSharp-firstpass.dll: session status updated to IncrementalCompilationStatus.Finished for Caller PID: 9488
 (0,0): [12/11/2018 08:33:56.533 PM] Assembly-CSharp.dll: no prior compilation found in cache. Caller PID: 9488
 (0,0): [12/11/2018 08:33:56.544 PM] Assembly-CSharp.dll compiling...
 (0,0): [12/11/2018 08:33:56.679 PM] Assembly-CSharp.dll: emitting IL to : D:\DesTopp\GitHub\Project-3.2\Project 3.2\Temp\Assembly-CSharp.dll
 (0,0): [12/11/2018 08:33:56.704 PM] Assembly-CSharp.dll compilation finished in 159ms  source files re-parsed: 99 metadata reloaded: 1
 (0,0): [12/11/2018 08:33:56.715 PM] Assembly-CSharp.dll: session status updated to IncrementalCompilationStatus.Finished for Caller PID: 9488
 (0,0): [12/11/2018 08:34:21.425 PM] Unity.Postprocessing.Runtime.dll: no prior compilation found in cache. Caller PID: 9488
 (0,0): [12/11/2018 08:34:21.439 PM] Unity.Postprocessing.Runtime.dll compiling...
 (0,0): [12/11/2018 08:34:21.641 PM] Unity.InputSystem.dll: no prior compilation found in cache. Caller PID: 9488
 (0,0): [12/11/2018 08:34:21.676 PM] Unity.InputSystem.dll compiling...
 (0,0): [12/11/2018 08:34:21.734 PM] Cinemachine.dll: no prior compilation found in cache. Caller PID: 9488
 (0,0): [12/11/2018 08:34:21.780 PM] Cinemachine.dll compiling...
 (0,0): [12/11/2018 08:34:21.916 PM] Unity.Postprocessing.Runtime.dll: emitting IL to : D:\DesTopp\GitHub\Project-3.2\Project 3.2\Temp\Unity.Postprocessing.Runtime.dll
 (0,0): [12/11/2018 08:34:21.968 PM] Unity.TextMeshPro.dll: no prior compilation found in cache. Caller PID: 9488
 (0,0): [12/11/2018 08:34:21.971 PM] Unity.Postprocessing.Runtime.dll compilation finished in 532ms  source files re-parsed: 56 metadata reloaded: 0
 (0,0): [12/11/2018 08:34:21.973 PM] Unity.ProBuilder.AddOns.Editor.dll compiling...
 (0,0): [12/11/2018 08:34:21.975 PM] Unity.PackageManagerUI.Editor.dll compiling...
 (0,0): [12/11/2018 08:34:21.989 PM] Unity.TextMeshPro.dll compiling...
 (0,0): [12/11/2018 08:34:21.989 PM] Unity.Postprocessing.Runtime.dll: session status updated to IncrementalCompilationStatus.Finished for Caller PID: 9488
 (0,0): [12/11/2018 08:34:22.221 PM] Unity.ProBuilder.AddOns.Editor.dll: emitting IL to : D:\DesTopp\GitHub\Project-3.2\Project 3.2\Temp\Unity.ProBuilder.AddOns.Editor.dll
 (0,0): [12/11/2018 08:34:22.253 PM] Unity.ProGrids.dll: no prior compilation found in cache. Caller PID: 9488
 (0,0): [12/11/2018 08:34:22.268 PM] Unity.ProGrids.dll compiling...
 (0,0): [12/11/2018 08:34:22.323 PM] Unity.ProBuilder.AddOns.Editor.dll compilation finished in 350ms  source files re-parsed: 0 metadata reloaded: 0
 (0,0): [12/11/2018 08:34:22.331 PM] Unity.ProGrids.dll: emitting IL to : D:\DesTopp\GitHub\Project-3.2\Project 3.2\Temp\Unity.ProGrids.dll
 (0,0): [12/11/2018 08:34:22.334 PM] Unity.PackageManagerUI.Editor.dll: emitting IL to : D:\DesTopp\GitHub\Project-3.2\Project 3.2\Temp\Unity.PackageManagerUI.Editor.dll
 (0,0): [12/11/2018 08:34:22.335 PM] Unity.ProBuilder.AddOns.Editor.dll: compilation was cached, 0 file(s) were found to have changed. Caller PID: 9488
 (0,0): [12/11/2018 08:34:22.352 PM] Unity.ProGrids.dll compilation finished in 83ms  source files re-parsed: 2 metadata reloaded: 0
 (0,0): [12/11/2018 08:34:22.388 PM] Unity.ProGrids.dll: session status updated to IncrementalCompilationStatus.Finished for Caller PID: 9488
 (0,0): [12/11/2018 08:34:22.389 PM] Unity.ProBuilder.AddOns.Editor.dll: session status updated to IncrementalCompilationStatus.Finished for Caller PID: 9488
 (0,0): [12/11/2018 08:34:22.395 PM] Unity.PackageManagerUI.Editor.dll compilation finished in 420ms  source files re-parsed: 0 metadata reloaded: 0
 (0,0): [12/11/2018 08:34:22.406 PM] Unity.PackageManagerUI.Editor.dll: compilation was cached, 0 file(s) were found to have changed. Caller PID: 9488
 (0,0): [12/11/2018 08:34:22.436 PM] Unity.PackageManagerUI.Editor.dll: session status updated to IncrementalCompilationStatus.Finished for Caller PID: 9488
 (0,0): [12/11/2018 08:34:22.440 PM] Unity.Postprocessing.Editor.dll compiling...
 (0,0): [12/11/2018 08:34:22.792 PM] Cinemachine.dll: emitting IL to : D:\DesTopp\GitHub\Project-3.2\Project 3.2\Temp\Cinemachine.dll
 (0,0): [12/11/2018 08:34:22.864 PM] Cinemachine.dll compilation finished in 1084ms  source files re-parsed: 62 metadata reloaded: 0
 (0,0): [12/11/2018 08:34:22.908 PM] Cinemachine.dll: session status updated to IncrementalCompilationStatus.Finished for Caller PID: 9488
 (0,0): [12/11/2018 08:34:22.917 PM] Unity.Postprocessing.Editor.dll: emitting IL to : D:\DesTopp\GitHub\Project-3.2\Project 3.2\Temp\Unity.Postprocessing.Editor.dll
 (0,0): [12/11/2018 08:34:22.919 PM] Unity.ProGrids.Editor.dll compiling...
 (0,0): [12/11/2018 08:34:23.141 PM] Unity.Postprocessing.Editor.dll compilation finished in 701ms  source files re-parsed: 0 metadata reloaded: 1
 (0,0): [12/11/2018 08:34:23.152 PM] Unity.Postprocessing.Editor.dll: compilation was cached, 0 file(s) were found to have changed. Caller PID: 9488
 (0,0): [12/11/2018 08:34:23.163 PM] Unity.Postprocessing.Editor.dll: session status updated to IncrementalCompilationStatus.Finished for Caller PID: 9488
 (0,0): [12/11/2018 08:34:23.241 PM] Unity.TextMeshPro.dll: emitting IL to : D:\DesTopp\GitHub\Project-3.2\Project 3.2\Temp\Unity.TextMeshPro.dll
 (0,0): [12/11/2018 08:34:23.310 PM] Unity.TextMeshPro.dll compilation finished in 1320ms  source files re-parsed: 45 metadata reloaded: 0
 (0,0): [12/11/2018 08:34:23.331 PM] com.unity.cinemachine.editor.dll compiling...
 (0,0): [12/11/2018 08:34:23.337 PM] Unity.TextMeshPro.dll: session status updated to IncrementalCompilationStatus.Finished for Caller PID: 9488
 (0,0): [12/11/2018 08:34:23.503 PM] Unity.ProGrids.Editor.dll: emitting IL to : D:\DesTopp\GitHub\Project-3.2\Project 3.2\Temp\Unity.ProGrids.Editor.dll
 (0,0): [12/11/2018 08:34:23.640 PM] Unity.ProGrids.Editor.dll compilation finished in 721ms  source files re-parsed: 0 metadata reloaded: 1
 (0,0): [12/11/2018 08:34:23.652 PM] Unity.ProGrids.Editor.dll: compilation was cached, 0 file(s) were found to have changed. Caller PID: 9488
 (0,0): [12/11/2018 08:34:23.671 PM] Unity.ProGrids.Editor.dll: session status updated to IncrementalCompilationStatus.Finished for Caller PID: 9488
 (0,0): [12/11/2018 08:34:23.731 PM] com.unity.cinemachine.editor.dll: emitting IL to : D:\DesTopp\GitHub\Project-3.2\Project 3.2\Temp\com.unity.cinemachine.editor.dll
 (0,0): [12/11/2018 08:34:23.740 PM] Unity.TextMeshPro.Editor.dll compiling...
 (0,0): [12/11/2018 08:34:23.757 PM] com.unity.cinemachine.editor.dll compilation finished in 425ms  source files re-parsed: 0 metadata reloaded: 1
 (0,0): [12/11/2018 08:34:23.768 PM] com.unity.cinemachine.editor.dll: compilation was cached, 0 file(s) were found to have changed. Caller PID: 9488
 (0,0): [12/11/2018 08:34:23.804 PM] com.unity.cinemachine.editor.dll: session status updated to IncrementalCompilationStatus.Finished for Caller PID: 9488
 (0,0): [12/11/2018 08:34:23.913 PM] Unity.InputSystem.dll: emitting IL to : D:\DesTopp\GitHub\Project-3.2\Project 3.2\Temp\Unity.InputSystem.dll
 (0,0): [12/11/2018 08:34:23.941 PM] Unity.InputSystem.dll compilation finished in 2265ms  source files re-parsed: 266 metadata reloaded: 0
 (0,0): [12/11/2018 08:34:23.944 PM] Unity.TextMeshPro.Editor.dll: emitting IL to : D:\DesTopp\GitHub\Project-3.2\Project 3.2\Temp\Unity.TextMeshPro.Editor.dll
 (0,0): [12/11/2018 08:34:23.954 PM] Unity.InputSystem.dll: session status updated to IncrementalCompilationStatus.Finished for Caller PID: 9488
 (0,0): [12/11/2018 08:34:23.967 PM] Unity.TextMeshPro.Editor.dll compilation finished in 227ms  source files re-parsed: 0 metadata reloaded: 1
 (0,0): [12/11/2018 08:34:23.979 PM] Unity.TextMeshPro.Editor.dll: compilation was cached, 0 file(s) were found to have changed. Caller PID: 9488
 (0,0): [12/11/2018 08:34:23.990 PM] Unity.TextMeshPro.Editor.dll: session status updated to IncrementalCompilationStatus.Finished for Caller PID: 9488
 (0,0): [12/11/2018 08:34:24.275 PM] Unity.InputSystem.Tests.dll compiling...
 (0,0): [12/11/2018 08:34:24.392 PM] Unity.InputSystem.Tests.Editor.dll compiling...
 (0,0): [12/11/2018 08:34:24.462 PM] Unity.InputSystem.Tests.Editor.dll: emitting IL to : D:\DesTopp\GitHub\Project-3.2\Project 3.2\Temp\Unity.InputSystem.Tests.Editor.dll
 (0,0): [12/11/2018 08:34:24.488 PM] Unity.InputSystem.Tests.Editor.dll compilation finished in 96ms  source files re-parsed: 0 metadata reloaded: 0
 (0,0): [12/11/2018 08:34:24.489 PM] Assembly-CSharp-firstpass.dll: no prior compilation found in cache. Caller PID: 9488
 (0,0): [12/11/2018 08:34:24.499 PM] Unity.InputSystem.Tests.Editor.dll: compilation was cached, 0 file(s) were found to have changed. Caller PID: 9488
 (0,0): [12/11/2018 08:34:24.500 PM] Assembly-CSharp-firstpass.dll compiling...
 (0,0): [12/11/2018 08:34:24.511 PM] Unity.InputSystem.Tests.Editor.dll: session status updated to IncrementalCompilationStatus.Finished for Caller PID: 9488
 (0,0): [12/11/2018 08:34:24.989 PM] Assembly-CSharp-firstpass.dll: emitting IL to : D:\DesTopp\GitHub\Project-3.2\Project 3.2\Temp\Assembly-CSharp-firstpass.dll
 (0,0): [12/11/2018 08:34:25.020 PM] Assembly-CSharp-firstpass.dll compilation finished in 520ms  source files re-parsed: 178 metadata reloaded: 6
 (0,0): [12/11/2018 08:34:25.031 PM] Assembly-CSharp-firstpass.dll: session status updated to IncrementalCompilationStatus.Finished for Caller PID: 9488
 (0,0): [12/11/2018 08:34:25.357 PM] Unity.InputSystem.Tests.dll: emitting IL to : D:\DesTopp\GitHub\Project-3.2\Project 3.2\Temp\Unity.InputSystem.Tests.dll
 (0,0): [12/11/2018 08:34:25.387 PM] Unity.InputSystem.Tests.dll compilation finished in 1112ms  source files re-parsed: 0 metadata reloaded: 1
 (0,0): [12/11/2018 08:34:25.398 PM] Unity.InputSystem.Tests.dll: compilation was cached, 0 file(s) were found to have changed. Caller PID: 9488
 (0,0): [12/11/2018 08:34:25.402 PM] Assembly-CSharp.dll: no prior compilation found in cache. Caller PID: 9488
 (0,0): [12/11/2018 08:34:25.408 PM] Unity.InputSystem.Tests.dll: session status updated to IncrementalCompilationStatus.Finished for Caller PID: 9488
 (0,0): [12/11/2018 08:34:25.413 PM] Assembly-CSharp.dll compiling...
 (0,0): [12/11/2018 08:34:25.579 PM] Assembly-CSharp-Editor-firstpass.dll compiling...
 (0,0): [12/11/2018 08:34:25.672 PM] Assembly-CSharp.dll: emitting IL to : D:\DesTopp\GitHub\Project-3.2\Project 3.2\Temp\Assembly-CSharp.dll
 (0,0): [12/11/2018 08:34:25.744 PM] Assembly-CSharp.dll compilation finished in 330ms  source files re-parsed: 99 metadata reloaded: 1
 (0,0): [12/11/2018 08:34:25.762 PM] Assembly-CSharp.dll: session status updated to IncrementalCompilationStatus.Finished for Caller PID: 9488
 (0,0): [12/11/2018 08:34:26.061 PM] Assembly-CSharp-Editor-firstpass.dll: emitting IL to : D:\DesTopp\GitHub\Project-3.2\Project 3.2\Temp\Assembly-CSharp-Editor-firstpass.dll
 (0,0): [12/11/2018 08:34:26.094 PM] Assembly-CSharp-Editor-firstpass.dll compilation finished in 514ms  source files re-parsed: 0 metadata reloaded: 0
 (0,0): [12/11/2018 08:34:26.105 PM] Assembly-CSharp-Editor-firstpass.dll: compilation was cached, 0 file(s) were found to have changed. Caller PID: 9488
 (0,0): [12/11/2018 08:34:26.116 PM] Assembly-CSharp-Editor-firstpass.dll: session status updated to IncrementalCompilationStatus.Finished for Caller PID: 9488
 (0,0): [12/11/2018 08:34:26.235 PM] Assembly-CSharp-Editor.dll compiling...
 (0,0): [12/11/2018 08:34:26.309 PM] Assembly-CSharp-Editor.dll: emitting IL to : D:\DesTopp\GitHub\Project-3.2\Project 3.2\Temp\Assembly-CSharp-Editor.dll
 (0,0): [12/11/2018 08:34:26.331 PM] Assembly-CSharp-Editor.dll compilation finished in 95ms  source files re-parsed: 0 metadata reloaded: 2
 (0,0): [12/11/2018 08:34:26.342 PM] Assembly-CSharp-Editor.dll: compilation was cached, 0 file(s) were found to have changed. Caller PID: 9488
 (0,0): [12/11/2018 08:34:26.353 PM] Assembly-CSharp-Editor.dll: session status updated to IncrementalCompilationStatus.Finished for Caller PID: 9488
 (0,0): [12/11/2018 08:39:26.378 PM] Assembly-CSharp.dll compiling...
 (0,0): [12/11/2018 08:39:26.555 PM] Assembly-CSharp.dll: emitting IL to : D:\DesTopp\GitHub\Project-3.2\Project 3.2\Temp\Assembly-CSharp.dll
 (0,0): [12/11/2018 08:39:26.583 PM] Assembly-CSharp.dll compilation finished in 204ms  source files re-parsed: 1 metadata reloaded: 0
 (0,0): [12/11/2018 08:39:26.594 PM] Assembly-CSharp.dll: compilation was cached, 1 file(s) were found to have changed. Caller PID: 9488
 (0,0): [12/11/2018 08:39:26.606 PM] Assembly-CSharp.dll: session status updated to IncrementalCompilationStatus.Finished for Caller PID: 9488
 (0,0): [12/11/2018 08:39:27.106 PM] Assembly-CSharp-Editor.dll compiling...
 (0,0): [12/11/2018 08:39:27.173 PM] Assembly-CSharp-Editor.dll: emitting IL to : D:\DesTopp\GitHub\Project-3.2\Project 3.2\Temp\Assembly-CSharp-Editor.dll
 (0,0): [12/11/2018 08:39:27.198 PM] Assembly-CSharp-Editor.dll compilation finished in 92ms  source files re-parsed: 0 metadata reloaded: 1
 (0,0): [12/11/2018 08:39:27.209 PM] Assembly-CSharp-Editor.dll: compilation was cached, 0 file(s) were found to have changed. Caller PID: 9488
 (0,0): [12/11/2018 08:39:27.220 PM] Assembly-CSharp-Editor.dll: session status updated to IncrementalCompilationStatus.Finished for Caller PID: 9488
 (0,0): [12/11/2018 08:42:00.760 PM] Assembly-CSharp.dll compiling...
 (0,0): [12/11/2018 08:42:00.922 PM] Assembly-CSharp.dll: emitting IL to : D:\DesTopp\GitHub\Project-3.2\Project 3.2\Temp\Assembly-CSharp.dll
 (0,0): [12/11/2018 08:42:00.951 PM] Assembly-CSharp.dll compilation finished in 191ms  source files re-parsed: 1 metadata reloaded: 0
 (0,0): [12/11/2018 08:42:00.962 PM] Assembly-CSharp.dll: compilation was cached, 1 file(s) were found to have changed. Caller PID: 9488
 (0,0): [12/11/2018 08:42:00.974 PM] Assembly-CSharp.dll: session status updated to IncrementalCompilationStatus.Finished for Caller PID: 9488
 (0,0): [12/11/2018 08:42:01.594 PM] Assembly-CSharp-Editor.dll compiling...
 (0,0): [12/11/2018 08:42:01.648 PM] Assembly-CSharp-Editor.dll: emitting IL to : D:\DesTopp\GitHub\Project-3.2\Project 3.2\Temp\Assembly-CSharp-Editor.dll
 (0,0): [12/11/2018 08:42:01.671 PM] Assembly-CSharp-Editor.dll compilation finished in 77ms  source files re-parsed: 0 metadata reloaded: 1
 (0,0): [12/11/2018 08:42:01.685 PM] Assembly-CSharp-Editor.dll: compilation was cached, 0 file(s) were found to have changed. Caller PID: 9488
 (0,0): [12/11/2018 08:42:01.696 PM] Assembly-CSharp-Editor.dll: session status updated to IncrementalCompilationStatus.Finished for Caller PID: 9488
 (0,0): [12/11/2018 08:43:31.662 PM] Assembly-CSharp.dll compiling...
 (0,0): [12/11/2018 08:43:31.806 PM] Assembly-CSharp.dll: emitting IL to : D:\DesTopp\GitHub\Project-3.2\Project 3.2\Temp\Assembly-CSharp.dll
 (0,0): [12/11/2018 08:43:31.830 PM] Assembly-CSharp.dll compilation finished in 167ms  source files re-parsed: 1 metadata reloaded: 0
 (0,0): [12/11/2018 08:43:31.841 PM] Assembly-CSharp.dll: compilation was cached, 1 file(s) were found to have changed. Caller PID: 9488
 (0,0): [12/11/2018 08:43:31.852 PM] Assembly-CSharp.dll: session status updated to IncrementalCompilationStatus.Finished for Caller PID: 9488
 (0,0): [12/11/2018 08:43:32.359 PM] Assembly-CSharp-Editor.dll compiling...
 (0,0): [12/11/2018 08:43:32.421 PM] Assembly-CSharp-Editor.dll: emitting IL to : D:\DesTopp\GitHub\Project-3.2\Project 3.2\Temp\Assembly-CSharp-Editor.dll
 (0,0): [12/11/2018 08:43:32.444 PM] Assembly-CSharp-Editor.dll compilation finished in 84ms  source files re-parsed: 0 metadata reloaded: 1
 (0,0): [12/11/2018 08:43:32.455 PM] Assembly-CSharp-Editor.dll: compilation was cached, 0 file(s) were found to have changed. Caller PID: 9488
 (0,0): [12/11/2018 08:43:32.465 PM] Assembly-CSharp-Editor.dll: session status updated to IncrementalCompilationStatus.Finished for Caller PID: 9488
 (0,0): [12/11/2018 08:45:00.832 PM] Unity.Postprocessing.Runtime.dll: no prior compilation found in cache. Caller PID: 9488
 (0,0): [12/11/2018 08:45:00.847 PM] Unity.Postprocessing.Runtime.dll compiling...
 (0,0): [12/11/2018 08:45:00.866 PM] Unity.InputSystem.dll: no prior compilation found in cache. Caller PID: 9488
 (0,0): [12/11/2018 08:45:00.897 PM] Unity.InputSystem.dll compiling...
 (0,0): [12/11/2018 08:45:01.036 PM] Cinemachine.dll: no prior compilation found in cache. Caller PID: 9488
 (0,0): [12/11/2018 08:45:01.219 PM] Cinemachine.dll compiling...
 (0,0): [12/11/2018 08:45:01.279 PM] Unity.TextMeshPro.dll: no prior compilation found in cache. Caller PID: 9488
 (0,0): [12/11/2018 08:45:01.372 PM] Unity.TextMeshPro.dll compiling...
 (0,0): [12/11/2018 08:45:01.419 PM] Unity.ProGrids.dll: no prior compilation found in cache. Caller PID: 9488
 (0,0): [12/11/2018 08:45:01.472 PM] Unity.ProGrids.dll compiling...
 (0,0): [12/11/2018 08:45:01.586 PM] Unity.Postprocessing.Runtime.dll: emitting IL to : D:\DesTopp\GitHub\Project-3.2\Project 3.2\Temp\Unity.Postprocessing.Runtime.dll
 (0,0): [12/11/2018 08:45:02.044 PM] Unity.ProGrids.dll: emitting IL to : D:\DesTopp\GitHub\Project-3.2\Project 3.2\Temp\Unity.ProGrids.dll
 (0,0): [12/11/2018 08:45:02.530 PM] Unity.Postprocessing.Runtime.dll compilation finished in 1683ms  source files re-parsed: 56 metadata reloaded: 0
 (0,0): [12/11/2018 08:45:02.594 PM] Unity.Postprocessing.Runtime.dll: session status updated to IncrementalCompilationStatus.Finished for Caller PID: 9488
 (0,0): [12/11/2018 08:45:02.817 PM] Cinemachine.dll: emitting IL to : D:\DesTopp\GitHub\Project-3.2\Project 3.2\Temp\Cinemachine.dll
 (0,0): [12/11/2018 08:45:02.852 PM] Unity.ProGrids.dll compilation finished in 1380ms  source files re-parsed: 2 metadata reloaded: 0
 (0,0): [12/11/2018 08:45:02.863 PM] Unity.ProGrids.dll: session status updated to IncrementalCompilationStatus.Finished for Caller PID: 9488
 (0,0): [12/11/2018 08:45:02.867 PM] Cinemachine.dll compilation finished in 1648ms  source files re-parsed: 62 metadata reloaded: 0
 (0,0): [12/11/2018 08:45:02.878 PM] Cinemachine.dll: session status updated to IncrementalCompilationStatus.Finished for Caller PID: 9488
 (0,0): [12/11/2018 08:45:03.026 PM] Unity.InputSystem.dll: emitting IL to : D:\DesTopp\GitHub\Project-3.2\Project 3.2\Temp\Unity.InputSystem.dll
 (0,0): [12/11/2018 08:45:03.055 PM] Unity.InputSystem.dll compilation finished in 2158ms  source files re-parsed: 266 metadata reloaded: 0
 (0,0): [12/11/2018 08:45:03.066 PM] Unity.InputSystem.dll: session status updated to IncrementalCompilationStatus.Finished for Caller PID: 9488
 (0,0): [12/11/2018 08:45:03.067 PM] Unity.TextMeshPro.dll: emitting IL to : D:\DesTopp\GitHub\Project-3.2\Project 3.2\Temp\Unity.TextMeshPro.dll
 (0,0): [12/11/2018 08:45:03.095 PM] Unity.TextMeshPro.dll compilation finished in 1722ms  source files re-parsed: 45 metadata reloaded: 0
 (0,0): [12/11/2018 08:45:03.106 PM] Unity.TextMeshPro.dll: session status updated to IncrementalCompilationStatus.Finished for Caller PID: 9488
 (0,0): [12/11/2018 08:45:03.516 PM] Assembly-CSharp-firstpass.dll: no prior compilation found in cache. Caller PID: 9488
 (0,0): [12/11/2018 08:45:03.529 PM] Assembly-CSharp-firstpass.dll compiling...
 (0,0): [12/11/2018 08:45:03.887 PM] Assembly-CSharp-firstpass.dll: emitting IL to : D:\DesTopp\GitHub\Project-3.2\Project 3.2\Temp\Assembly-CSharp-firstpass.dll
 (0,0): [12/11/2018 08:45:03.915 PM] Assembly-CSharp-firstpass.dll compilation finished in 386ms  source files re-parsed: 178 metadata reloaded: 5
 (0,0): [12/11/2018 08:45:03.926 PM] Assembly-CSharp-firstpass.dll: session status updated to IncrementalCompilationStatus.Finished for Caller PID: 9488
 (0,0): [12/11/2018 08:45:04.228 PM] Assembly-CSharp.dll: no prior compilation found in cache. Caller PID: 9488
 (0,0): [12/11/2018 08:45:04.240 PM] Assembly-CSharp.dll compiling...
 (0,0): [12/11/2018 08:45:04.389 PM] Assembly-CSharp.dll: emitting IL to : D:\DesTopp\GitHub\Project-3.2\Project 3.2\Temp\Assembly-CSharp.dll
 (0,0): [12/11/2018 08:45:04.415 PM] Assembly-CSharp.dll compilation finished in 175ms  source files re-parsed: 99 metadata reloaded: 1
 (0,0): [12/11/2018 08:45:04.427 PM] Assembly-CSharp.dll: session status updated to IncrementalCompilationStatus.Finished for Caller PID: 9488
 (0,0): [12/11/2018 08:45:30.742 PM] Unity.Postprocessing.Runtime.dll: no prior compilation found in cache. Caller PID: 9488
 (0,0): [12/11/2018 08:45:30.757 PM] Unity.Postprocessing.Runtime.dll compiling...
 (0,0): [12/11/2018 08:45:30.889 PM] Unity.InputSystem.dll: no prior compilation found in cache. Caller PID: 9488
 (0,0): [12/11/2018 08:45:30.934 PM] Unity.InputSystem.dll compiling...
 (0,0): [12/11/2018 08:45:31.010 PM] Unity.TextMeshPro.dll: no prior compilation found in cache. Caller PID: 9488
 (0,0): [12/11/2018 08:45:31.035 PM] Unity.TextMeshPro.dll compiling...
 (0,0): [12/11/2018 08:45:31.123 PM] Unity.Postprocessing.Runtime.dll: emitting IL to : D:\DesTopp\GitHub\Project-3.2\Project 3.2\Temp\Unity.Postprocessing.Runtime.dll
 (0,0): [12/11/2018 08:45:31.156 PM] Unity.ProGrids.dll: no prior compilation found in cache. Caller PID: 9488
 (0,0): [12/11/2018 08:45:31.167 PM] Unity.Postprocessing.Runtime.dll compilation finished in 411ms  source files re-parsed: 56 metadata reloaded: 0
 (0,0): [12/11/2018 08:45:31.169 PM] Unity.ProGrids.dll compiling...
 (0,0): [12/11/2018 08:45:31.189 PM] Unity.Postprocessing.Runtime.dll: session status updated to IncrementalCompilationStatus.Finished for Caller PID: 9488
 (0,0): [12/11/2018 08:45:31.192 PM] Cinemachine.dll: no prior compilation found in cache. Caller PID: 9488
 (0,0): [12/11/2018 08:45:31.210 PM] Cinemachine.dll compiling...
 (0,0): [12/11/2018 08:45:31.254 PM] Unity.PackageManagerUI.Editor.dll compiling...
 (0,0): [12/11/2018 08:45:31.254 PM] Unity.ProGrids.dll: emitting IL to : D:\DesTopp\GitHub\Project-3.2\Project 3.2\Temp\Unity.ProGrids.dll
 (0,0): [12/11/2018 08:45:31.314 PM] Unity.ProGrids.dll compilation finished in 144ms  source files re-parsed: 2 metadata reloaded: 0
 (0,0): [12/11/2018 08:45:31.407 PM] Unity.ProGrids.dll: session status updated to IncrementalCompilationStatus.Finished for Caller PID: 9488
 (0,0): [12/11/2018 08:45:31.429 PM] Unity.ProBuilder.AddOns.Editor.dll compiling...
 (0,0): [12/11/2018 08:45:31.466 PM] Unity.ProBuilder.AddOns.Editor.dll: emitting IL to : D:\DesTopp\GitHub\Project-3.2\Project 3.2\Temp\Unity.ProBuilder.AddOns.Editor.dll
 (0,0): [12/11/2018 08:45:31.711 PM] Unity.Postprocessing.Editor.dll compiling...
 (0,0): [12/11/2018 08:45:31.747 PM] Unity.ProBuilder.AddOns.Editor.dll compilation finished in 318ms  source files re-parsed: 0 metadata reloaded: 0
 (0,0): [12/11/2018 08:45:31.796 PM] Unity.ProBuilder.AddOns.Editor.dll: compilation was cached, 0 file(s) were found to have changed. Caller PID: 9488
 (0,0): [12/11/2018 08:45:31.812 PM] Unity.ProBuilder.AddOns.Editor.dll: session status updated to IncrementalCompilationStatus.Finished for Caller PID: 9488
 (0,0): [12/11/2018 08:45:31.869 PM] Unity.PackageManagerUI.Editor.dll: emitting IL to : D:\DesTopp\GitHub\Project-3.2\Project 3.2\Temp\Unity.PackageManagerUI.Editor.dll
 (0,0): [12/11/2018 08:45:31.949 PM] Unity.ProGrids.Editor.dll compiling...
 (0,0): [12/11/2018 08:45:31.951 PM] Unity.PackageManagerUI.Editor.dll compilation finished in 697ms  source files re-parsed: 0 metadata reloaded: 0
 (0,0): [12/11/2018 08:45:31.972 PM] Unity.PackageManagerUI.Editor.dll: compilation was cached, 0 file(s) were found to have changed. Caller PID: 9488
 (0,0): [12/11/2018 08:45:31.985 PM] Unity.PackageManagerUI.Editor.dll: session status updated to IncrementalCompilationStatus.Finished for Caller PID: 9488
 (0,0): [12/11/2018 08:45:32.113 PM] Unity.TextMeshPro.dll: emitting IL to : D:\DesTopp\GitHub\Project-3.2\Project 3.2\Temp\Unity.TextMeshPro.dll
 (0,0): [12/11/2018 08:45:32.186 PM] Unity.ProGrids.Editor.dll: emitting IL to : D:\DesTopp\GitHub\Project-3.2\Project 3.2\Temp\Unity.ProGrids.Editor.dll
 (0,0): [12/11/2018 08:45:32.333 PM] Unity.TextMeshPro.dll compilation finished in 1296ms  source files re-parsed: 45 metadata reloaded: 0
 (0,0): [12/11/2018 08:45:32.339 PM] Unity.Postprocessing.Editor.dll: emitting IL to : D:\DesTopp\GitHub\Project-3.2\Project 3.2\Temp\Unity.Postprocessing.Editor.dll
 (0,0): [12/11/2018 08:45:32.415 PM] Unity.TextMeshPro.dll: session status updated to IncrementalCompilationStatus.Finished for Caller PID: 9488
 (0,0): [12/11/2018 08:45:32.422 PM] Cinemachine.dll: emitting IL to : D:\DesTopp\GitHub\Project-3.2\Project 3.2\Temp\Cinemachine.dll
 (0,0): [12/11/2018 08:45:32.429 PM] Unity.ProGrids.Editor.dll compilation finished in 480ms  source files re-parsed: 0 metadata reloaded: 1
 (0,0): [12/11/2018 08:45:32.529 PM] Unity.Postprocessing.Editor.dll compilation finished in 818ms  source files re-parsed: 0 metadata reloaded: 1
 (0,0): [12/11/2018 08:45:32.551 PM] Unity.ProGrids.Editor.dll: compilation was cached, 0 file(s) were found to have changed. Caller PID: 9488
 (0,0): [12/11/2018 08:45:32.552 PM] Unity.Postprocessing.Editor.dll: compilation was cached, 0 file(s) were found to have changed. Caller PID: 9488
 (0,0): [12/11/2018 08:45:32.560 PM] Cinemachine.dll compilation finished in 1349ms  source files re-parsed: 62 metadata reloaded: 0
 (0,0): [12/11/2018 08:45:32.562 PM] Unity.ProGrids.Editor.dll: session status updated to IncrementalCompilationStatus.Finished for Caller PID: 9488
 (0,0): [12/11/2018 08:45:32.565 PM] Unity.Postprocessing.Editor.dll: session status updated to IncrementalCompilationStatus.Finished for Caller PID: 9488
 (0,0): [12/11/2018 08:45:32.571 PM] Cinemachine.dll: session status updated to IncrementalCompilationStatus.Finished for Caller PID: 9488
 (0,0): [12/11/2018 08:45:32.942 PM] Unity.TextMeshPro.Editor.dll compiling...
 (0,0): [12/11/2018 08:45:32.951 PM] Unity.InputSystem.dll: emitting IL to : D:\DesTopp\GitHub\Project-3.2\Project 3.2\Temp\Unity.InputSystem.dll
 (0,0): [12/11/2018 08:45:32.982 PM] Unity.InputSystem.dll compilation finished in 2047ms  source files re-parsed: 266 metadata reloaded: 0
 (0,0): [12/11/2018 08:45:33.050 PM] Unity.InputSystem.dll: session status updated to IncrementalCompilationStatus.Finished for Caller PID: 9488
 (0,0): [12/11/2018 08:45:33.144 PM] Unity.TextMeshPro.Editor.dll: emitting IL to : D:\DesTopp\GitHub\Project-3.2\Project 3.2\Temp\Unity.TextMeshPro.Editor.dll
 (0,0): [12/11/2018 08:45:33.168 PM] Unity.TextMeshPro.Editor.dll compilation finished in 226ms  source files re-parsed: 0 metadata reloaded: 1
 (0,0): [12/11/2018 08:45:33.180 PM] Unity.TextMeshPro.Editor.dll: compilation was cached, 0 file(s) were found to have changed. Caller PID: 9488
 (0,0): [12/11/2018 08:45:33.191 PM] Unity.TextMeshPro.Editor.dll: session status updated to IncrementalCompilationStatus.Finished for Caller PID: 9488
 (0,0): [12/11/2018 08:45:33.233 PM] com.unity.cinemachine.editor.dll compiling...
 (0,0): [12/11/2018 08:45:33.406 PM] Unity.InputSystem.Tests.dll compiling...
 (0,0): [12/11/2018 08:45:33.483 PM] Unity.InputSystem.Tests.Editor.dll compiling...
 (0,0): [12/11/2018 08:45:33.487 PM] com.unity.cinemachine.editor.dll: emitting IL to : D:\DesTopp\GitHub\Project-3.2\Project 3.2\Temp\com.unity.cinemachine.editor.dll
 (0,0): [12/11/2018 08:45:33.545 PM] com.unity.cinemachine.editor.dll compilation finished in 312ms  source files re-parsed: 0 metadata reloaded: 1
 (0,0): [12/11/2018 08:45:33.560 PM] com.unity.cinemachine.editor.dll: compilation was cached, 0 file(s) were found to have changed. Caller PID: 9488
 (0,0): [12/11/2018 08:45:33.572 PM] Unity.InputSystem.Tests.Editor.dll: emitting IL to : D:\DesTopp\GitHub\Project-3.2\Project 3.2\Temp\Unity.InputSystem.Tests.Editor.dll
 (0,0): [12/11/2018 08:45:33.573 PM] com.unity.cinemachine.editor.dll: session status updated to IncrementalCompilationStatus.Finished for Caller PID: 9488
 (0,0): [12/11/2018 08:45:33.592 PM] Unity.InputSystem.Tests.Editor.dll compilation finished in 109ms  source files re-parsed: 0 metadata reloaded: 0
 (0,0): [12/11/2018 08:45:33.615 PM] Unity.InputSystem.Tests.Editor.dll: compilation was cached, 0 file(s) were found to have changed. Caller PID: 9488
 (0,0): [12/11/2018 08:45:33.626 PM] Unity.InputSystem.Tests.Editor.dll: session status updated to IncrementalCompilationStatus.Finished for Caller PID: 9488
 (0,0): [12/11/2018 08:45:33.809 PM] Assembly-CSharp-firstpass.dll: no prior compilation found in cache. Caller PID: 9488
 (0,0): [12/11/2018 08:45:33.820 PM] Assembly-CSharp-firstpass.dll compiling...
 (0,0): [12/11/2018 08:45:34.313 PM] Assembly-CSharp-firstpass.dll: emitting IL to : D:\DesTopp\GitHub\Project-3.2\Project 3.2\Temp\Assembly-CSharp-firstpass.dll
 (0,0): [12/11/2018 08:45:34.344 PM] Assembly-CSharp-firstpass.dll compilation finished in 524ms  source files re-parsed: 178 metadata reloaded: 6
 (0,0): [12/11/2018 08:45:34.356 PM] Assembly-CSharp-firstpass.dll: session status updated to IncrementalCompilationStatus.Finished for Caller PID: 9488
 (0,0): [12/11/2018 08:45:34.485 PM] Unity.InputSystem.Tests.dll: emitting IL to : D:\DesTopp\GitHub\Project-3.2\Project 3.2\Temp\Unity.InputSystem.Tests.dll
 (0,0): [12/11/2018 08:45:34.515 PM] Unity.InputSystem.Tests.dll compilation finished in 1109ms  source files re-parsed: 0 metadata reloaded: 1
 (0,0): [12/11/2018 08:45:34.526 PM] Unity.InputSystem.Tests.dll: compilation was cached, 0 file(s) were found to have changed. Caller PID: 9488
 (0,0): [12/11/2018 08:45:34.537 PM] Unity.InputSystem.Tests.dll: session status updated to IncrementalCompilationStatus.Finished for Caller PID: 9488
 (0,0): [12/11/2018 08:45:34.762 PM] Assembly-CSharp.dll: no prior compilation found in cache. Caller PID: 9488
 (0,0): [12/11/2018 08:45:34.774 PM] Assembly-CSharp.dll compiling...
 (0,0): [12/11/2018 08:45:34.952 PM] Assembly-CSharp-Editor-firstpass.dll compiling...
 (0,0): [12/11/2018 08:45:35.045 PM] Assembly-CSharp.dll: emitting IL to : D:\DesTopp\GitHub\Project-3.2\Project 3.2\Temp\Assembly-CSharp.dll
 (0,0): [12/11/2018 08:45:35.150 PM] Assembly-CSharp.dll compilation finished in 376ms  source files re-parsed: 99 metadata reloaded: 1
 (0,0): [12/11/2018 08:45:35.164 PM] Assembly-CSharp.dll: session status updated to IncrementalCompilationStatus.Finished for Caller PID: 9488
 (0,0): [12/11/2018 08:45:35.516 PM] Assembly-CSharp-Editor-firstpass.dll: emitting IL to : D:\DesTopp\GitHub\Project-3.2\Project 3.2\Temp\Assembly-CSharp-Editor-firstpass.dll
 (0,0): [12/11/2018 08:45:35.549 PM] Assembly-CSharp-Editor-firstpass.dll compilation finished in 596ms  source files re-parsed: 0 metadata reloaded: 0
 (0,0): [12/11/2018 08:45:35.560 PM] Assembly-CSharp-Editor-firstpass.dll: compilation was cached, 0 file(s) were found to have changed. Caller PID: 9488
 (0,0): [12/11/2018 08:45:35.570 PM] Assembly-CSharp-Editor-firstpass.dll: session status updated to IncrementalCompilationStatus.Finished for Caller PID: 9488
 (0,0): [12/11/2018 08:45:35.820 PM] Assembly-CSharp-Editor.dll compiling...
 (0,0): [12/11/2018 08:45:35.900 PM] Assembly-CSharp-Editor.dll: emitting IL to : D:\DesTopp\GitHub\Project-3.2\Project 3.2\Temp\Assembly-CSharp-Editor.dll
 (0,0): [12/11/2018 08:45:35.925 PM] Assembly-CSharp-Editor.dll compilation finished in 103ms  source files re-parsed: 0 metadata reloaded: 2
 (0,0): [12/11/2018 08:45:35.935 PM] Assembly-CSharp-Editor.dll: compilation was cached, 0 file(s) were found to have changed. Caller PID: 9488
 (0,0): [12/11/2018 08:45:35.946 PM] Assembly-CSharp-Editor.dll: session status updated to IncrementalCompilationStatus.Finished for Caller PID: 9488
